

Started GET "/" for 127.0.0.1 at 2014-04-01 16:35:56 +0900
Processing by Rails::WelcomeController#index as HTML
  Rendered C:/RailsInstaller/Ruby1.9.3/lib/ruby/gems/1.9.1/gems/railties-4.0.2/lib/rails/templates/rails/welcome/index.html.erb (6.0ms)
Completed 200 OK in 88ms (Views: 55.0ms | ActiveRecord: 0.0ms)


Started GET "/" for 127.0.0.1 at 2014-04-01 17:12:24 +0900
Processing by Rails::WelcomeController#index as HTML
  Rendered /Users/TakanoriMatsumoto/.rbenv/versions/1.9.3-p484/lib/ruby/gems/1.9.1/gems/railties-4.0.2/lib/rails/templates/rails/welcome/index.html.erb (16.5ms)
Completed 200 OK in 43ms (Views: 23.6ms | ActiveRecord: 0.0ms)


Started GET "/" for 127.0.0.1 at 2014-04-01 17:53:34 +0900
Processing by Rails::WelcomeController#index as HTML
  Rendered /Users/TakanoriMatsumoto/.rbenv/versions/1.9.3-p484/lib/ruby/gems/1.9.1/gems/railties-4.0.2/lib/rails/templates/rails/welcome/index.html.erb (2.3ms)
Completed 200 OK in 29ms (Views: 9.9ms | ActiveRecord: 0.0ms)
  [1m[36m (0.9ms)[0m  [1mCREATE TABLE "schema_migrations" ("version" varchar(255) NOT NULL) [0m
  [1m[35m (0.8ms)[0m  CREATE UNIQUE INDEX "unique_schema_migrations" ON "schema_migrations" ("version")
  [1m[36mActiveRecord::SchemaMigration Load (0.1ms)[0m  [1mSELECT "schema_migrations".* FROM "schema_migrations"[0m
Migrating to CreateUsers (20140401085955)
  [1m[35m (0.0ms)[0m  begin transaction
  [1m[36m (0.2ms)[0m  [1mCREATE TABLE "users" ("id" INTEGER PRIMARY KEY AUTOINCREMENT NOT NULL, "name" varchar(255), "email" varchar(255), "created_at" datetime, "updated_at" datetime) [0m
  [1m[35mSQL (1.1ms)[0m  INSERT INTO "schema_migrations" ("version") VALUES (?)  [["version", "20140401085955"]]
  [1m[36m (0.7ms)[0m  [1mcommit transaction[0m
  [1m[35mActiveRecord::SchemaMigration Load (0.1ms)[0m  SELECT "schema_migrations".* FROM "schema_migrations"


Started GET "/" for 127.0.0.1 at 2014-04-01 18:03:08 +0900
  [1m[36mActiveRecord::SchemaMigration Load (0.1ms)[0m  [1mSELECT "schema_migrations".* FROM "schema_migrations"[0m
Processing by Rails::WelcomeController#index as HTML
  Rendered /Users/TakanoriMatsumoto/.rbenv/versions/1.9.3-p484/lib/ruby/gems/1.9.1/gems/railties-4.0.2/lib/rails/templates/rails/welcome/index.html.erb (2.2ms)
Completed 200 OK in 29ms (Views: 9.1ms | ActiveRecord: 0.0ms)


Started GET "/rails/info/properties" for 127.0.0.1 at 2014-04-01 18:03:14 +0900
Processing by Rails::InfoController#properties as */*
  [1m[35mActiveRecord::SchemaMigration Load (0.1ms)[0m  SELECT "schema_migrations".* FROM "schema_migrations"
  Rendered /Users/TakanoriMatsumoto/.rbenv/versions/1.9.3-p484/lib/ruby/gems/1.9.1/gems/railties-4.0.2/lib/rails/templates/rails/info/properties.html.erb (0.3ms)
Completed 200 OK in 12ms (Views: 8.1ms | ActiveRecord: 0.2ms)
  [1m[36mActiveRecord::SchemaMigration Load (0.1ms)[0m  [1mSELECT "schema_migrations".* FROM "schema_migrations"[0m
  [1m[35mActiveRecord::SchemaMigration Load (0.1ms)[0m  SELECT "schema_migrations".* FROM "schema_migrations"
  [1m[36mActiveRecord::SchemaMigration Load (0.1ms)[0m  [1mSELECT "schema_migrations".* FROM "schema_migrations"[0m
  [1m[35mActiveRecord::SchemaMigration Load (0.1ms)[0m  SELECT "schema_migrations".* FROM "schema_migrations"


Started GET "/" for 127.0.0.1 at 2014-04-01 18:05:11 +0900
  [1m[36mActiveRecord::SchemaMigration Load (0.1ms)[0m  [1mSELECT "schema_migrations".* FROM "schema_migrations"[0m
Processing by Rails::WelcomeController#index as HTML
  Rendered /Users/TakanoriMatsumoto/.rbenv/versions/1.9.3-p484/lib/ruby/gems/1.9.1/gems/railties-4.0.2/lib/rails/templates/rails/welcome/index.html.erb (2.1ms)
Completed 200 OK in 28ms (Views: 9.3ms | ActiveRecord: 0.0ms)


Started GET "/users" for 127.0.0.1 at 2014-04-01 18:07:09 +0900
Processing by UsersController#index as HTML
  [1m[35mUser Load (0.2ms)[0m  SELECT "users".* FROM "users"
  Rendered users/index.html.erb within layouts/application (1.2ms)
Completed 200 OK in 424ms (Views: 421.9ms | ActiveRecord: 0.2ms)


Started GET "/assets/application.css?body=1" for 127.0.0.1 at 2014-04-01 18:07:10 +0900


Started GET "/assets/jquery.js?body=1" for 127.0.0.1 at 2014-04-01 18:07:10 +0900


Started GET "/assets/scaffolds.css?body=1" for 127.0.0.1 at 2014-04-01 18:07:10 +0900


Started GET "/assets/users.css?body=1" for 127.0.0.1 at 2014-04-01 18:07:10 +0900


Started GET "/assets/turbolinks.js?body=1" for 127.0.0.1 at 2014-04-01 18:07:10 +0900


Started GET "/assets/jquery_ujs.js?body=1" for 127.0.0.1 at 2014-04-01 18:07:10 +0900


Started GET "/assets/users.js?body=1" for 127.0.0.1 at 2014-04-01 18:07:10 +0900


Started GET "/assets/application.js?body=1" for 127.0.0.1 at 2014-04-01 18:07:10 +0900


Started GET "/users/new" for 127.0.0.1 at 2014-04-01 18:07:13 +0900
Processing by UsersController#new as HTML
  Rendered users/_form.html.erb (14.5ms)
  Rendered users/new.html.erb within layouts/application (18.4ms)
Completed 200 OK in 24ms (Views: 22.2ms | ActiveRecord: 0.3ms)


Started POST "/users" for 127.0.0.1 at 2014-04-01 18:08:33 +0900
Processing by UsersController#create as HTML
  Parameters: {"utf8"=>"✓", "authenticity_token"=>"rR0NhJDeuV36qRMV0ImWAhBKMdFGOb59I8ruYhBuvA8=", "user"=>{"name"=>"takanori.matsumto", "email"=>"takanori.matsumoto@mulodo.com"}, "commit"=>"Create User"}
  [1m[36m (0.1ms)[0m  [1mbegin transaction[0m
  [1m[35mSQL (18.3ms)[0m  INSERT INTO "users" ("created_at", "email", "name", "updated_at") VALUES (?, ?, ?, ?)  [["created_at", Tue, 01 Apr 2014 09:08:33 UTC +00:00], ["email", "takanori.matsumoto@mulodo.com"], ["name", "takanori.matsumto"], ["updated_at", Tue, 01 Apr 2014 09:08:33 UTC +00:00]]
  [1m[36m (0.6ms)[0m  [1mcommit transaction[0m
Redirected to http://localhost:3000/users/1
Completed 302 Found in 23ms (ActiveRecord: 19.0ms)


Started GET "/users/1" for 127.0.0.1 at 2014-04-01 18:08:33 +0900
Processing by UsersController#show as HTML
  Parameters: {"id"=>"1"}
  [1m[35mUser Load (0.2ms)[0m  SELECT "users".* FROM "users" WHERE "users"."id" = ? LIMIT 1  [["id", "1"]]
  Rendered users/show.html.erb within layouts/application (0.8ms)
Completed 200 OK in 6ms (Views: 4.2ms | ActiveRecord: 0.2ms)


Started GET "/assets/scaffolds.css?body=1" for 127.0.0.1 at 2014-04-01 18:08:34 +0900


Started GET "/assets/users.css?body=1" for 127.0.0.1 at 2014-04-01 18:08:34 +0900


Started GET "/assets/users.js?body=1" for 127.0.0.1 at 2014-04-01 18:08:34 +0900


Started GET "/users" for 127.0.0.1 at 2014-04-01 18:08:51 +0900
Processing by UsersController#index as HTML
  [1m[36mUser Load (0.2ms)[0m  [1mSELECT "users".* FROM "users"[0m
  Rendered users/index.html.erb within layouts/application (2.5ms)
Completed 200 OK in 8ms (Views: 6.6ms | ActiveRecord: 0.2ms)


Started GET "/users/1" for 127.0.0.1 at 2014-04-01 18:08:54 +0900
Processing by UsersController#show as HTML
  Parameters: {"id"=>"1"}
  [1m[35mUser Load (0.1ms)[0m  SELECT "users".* FROM "users" WHERE "users"."id" = ? LIMIT 1  [["id", "1"]]
  Rendered users/show.html.erb within layouts/application (0.9ms)
Completed 200 OK in 6ms (Views: 4.8ms | ActiveRecord: 0.1ms)
